Sat Dec 31 20:11:45 2022 | Command used. Author: nico_qwer#9317. Channel: general. Command: status.
Sat Dec 31 20:12:11 2022 | Command used. Author: HeroCraft3D#5166. Channel: general. Command: help.
Sat Dec 31 20:12:27 2022 | Command used. Author: nico_qwer#9317. Channel: general. Command: echo.
Sat Dec 31 20:12:46 2022 | Command used. Author: nico_qwer#9317. Channel: general. Command: players.
Sat Dec 31 20:12:53 2022 | Command used. Author: nico_qwer#9317. Channel: general. Command: ping.
Sat Dec 31 20:13:05 2022 | Command used. Author: nico_qwer#9317. Channel: general. Command: help.
Sat Dec 31 20:13:32 2022 | Command used. Author: nico_qwer#9317. Channel: general. Command: help.
Sat Dec 31 20:14:01 2022 | Command used. Author: HeroCraft3D#5166. Channel: general. Command: help.
Sat Dec 31 20:17:00 2022 | Command used. Author: nico_qwer#9317. Channel: general. Command: help.
Sat Dec 31 20:17:08 2022 | Command used. Author: nico_qwer#9317. Channel: general. Command: echo.
Sat Dec 31 20:17:21 2022 | Command used. Author: HeroCraft3D#5166. Channel: general. Command: help.
Sat Dec 31 20:18:07 2022 | Command used. Author: HeroCraft3D#5166. Channel: general. Command: help.
Sat Dec 31 20:19:29 2022 | Command used. Author: nico_qwer#9317. Channel: general. Command: help.
Sun Jan  1 00:40:51 2023 | Command used. Author: nico_qwer#9317. Channel: general. Command: status.
Sun Jan  1 09:16:50 2023 | Command used. Author: HeroCraft3D#5166. Channel: general. Command: players.
Sun Jan  1 10:40:18 2023 | Command used. Author: nico_qwer#9317. Channel: general. Command: help.
Sun Jan  1 14:06:50 2023 | Command used. Author: HeroCraft3D#5166. Channel: general. Command: players.
Sun Jan  1 21:09:20 2023 | Command used. Author: HeroCraft3D#5166. Channel: general. Command: status.
Mon Jan  2 10:06:24 2023 | Command used. Author: HeroCraft3D#5166. Channel: general. Command: status.
Mon Jan  2 13:33:48 2023 | Command used. Author: defendeur3#1976. Channel: general. Command: status.
Mon Jan  2 19:11:32 2023 | Command used. Author: HeroCraft3D#5166. Channel: general. Command: players.
Tue Jan  3 18:48:42 2023 | Command used. Author: nico_qwer#9317. Channel: general. Command: status.
Wed Jan  4 12:05:06 2023 | Command used. Author: HeroCraft3D#5166. Channel: bot-commands. Command: players.
Thu Jan  5 08:30:45 2023 | Command used. Author: HeroCraft3D#5166. Channel: bot-commands. Command: status.
Thu Jan  5 14:08:56 2023 | Command used. Author: nico_qwer#9317. Channel: bot-commands. Command: status.
Thu Jan  5 20:57:27 2023 | Command used. Author: defendeur3#1976. Channel: bot-commands. Command: status.
Thu Jan  5 21:02:43 2023 | Command used. Author: nico_qwer#9317. Channel: bot-commands. Command: players.
Fri Jan  6 10:43:21 2023 | Command used. Author: nico_qwer#9317. Channel: bot-commands. Command: status.
Fri Jan  6 10:43:29 2023 | Command used. Author: nico_qwer#9317. Channel: bot-commands. Command: players.
Fri Jan  6 19:50:22 2023 | Command used. Author: defendeur3#1976. Channel: bot-commands. Command: players.
Sat Jan  7 20:30:03 2023 | Command used. Author: HeroCraft3D#5166. Channel: bot-commands. Command: players.
Sat Jan  7 20:30:39 2023 | Command used. Author: defendeur3#1976. Channel: bot-commands. Command: status.
Sat Jan  7 20:52:56 2023 | Command used. Author: nico_qwer#9317. Channel: bot-commands. Command: status.
Sat Jan  7 20:52:59 2023 | Command used. Author: nico_qwer#9317. Channel: bot-commands. Command: players.
Sat Jan  7 20:59:34 2023 | Command used. Author: HeroCraft3D#5166. Channel: bot-commands. Command: players.
Sat Jan  7 21:07:57 2023 | Command used. Author: Ryan&#9176. Channel: bot-commands. Command: players.
Sun Jan  8 11:02:51 2023 | Command used. Author: defendeur3#1976. Channel: bot-commands. Command: players.
Sun Jan  8 12:42:02 2023 | Command used. Author: HeroCraft3D#5166. Channel: bot-commands. Command: status.
Sun Jan  8 15:13:33 2023 | Command used. Author: HeroCraft3D#5166. Channel: bot-commands. Command: players.
Sun Jan  8 16:19:43 2023 | Command used. Author: HeroCraft3D#5166. Channel: bot-commands. Command: status.
Sun Jan  8 20:41:41 2023 | Command used. Author: Drakenroi#7332. Channel: bot-commands. Command: players.
Mon Jan  9 17:27:07 2023 | Bot is back online.
Mon Jan  9 17:35:11 2023 | Bot is back online.
Mon Jan  9 17:35:29 2023 | Command used. Author: nico_qwer#9317. Channel: general. Command: echo.
Mon Jan  9 17:35:38 2023 | Command used. Author: nico_qwer#9317. Channel: general. Command: players.
Mon Jan  9 17:35:44 2023 | Command used. Author: nico_qwer#9317. Channel: general. Command: echo.
